2024-10-04 14:38:02,471 - pyswarms.single.global_best - INFO - Optimize for 2 iters with {'c1': 0.5, 'c2': 0.3, 'w': 0.9}
2024-10-04 14:38:14,149 - pyswarms.single.global_best - INFO - Optimization finished | best cost: 0.002304910064478459, best pos: [2.96346716e-04 4.82943902e-05 2.14784348e-02 1.43281760e-01
 1.21198712e+00]
2024-10-04 15:45:55,491 - pyswarms.single.global_best - INFO - Optimize for 2 iters with {'c1': 0.5, 'c2': 0.3, 'w': 0.9}
2024-10-04 15:46:10,473 - pyswarms.single.global_best - INFO - Optimization finished | best cost: 0.002330875076807221, best pos: [1.88160985e-04 3.93026204e-05 5.20571159e-02 2.09141281e-02
 1.14169878e+00]
2024-10-07 09:46:50,077 - pyswarms.single.global_best - INFO - Optimize for 2 iters with {'c1': 0.5, 'c2': 0.3, 'w': 0.9}
2024-10-07 09:46:58,956 - pyswarms.single.global_best - INFO - Optimization finished | best cost: 0.003144664721058609, best pos: [1.14162126e-04 1.53542628e-05 2.47750262e-02 2.03502579e-02
 1.45061991e+00]
2024-10-07 09:51:29,067 - pyswarms.single.global_best - INFO - Optimize for 2 iters with {'c1': 0.5, 'c2': 0.3, 'w': 0.9}
2024-10-07 09:51:39,337 - pyswarms.single.global_best - INFO - Optimization finished | best cost: 0.00233087470621685, best pos: [1.88160985e-04 3.93026204e-05 5.20571159e-02 2.09141281e-02
 1.14169878e+00]
2024-10-07 10:00:54,197 - pyswarms.single.global_best - INFO - Optimize for 2 iters with {'c1': 0.5, 'c2': 0.3, 'w': 0.9}
2024-10-07 10:01:04,324 - pyswarms.single.global_best - INFO - Optimization finished | best cost: 0.0023308746654243768, best pos: [1.88160985e-04 3.93026204e-05 5.20571159e-02 2.09141281e-02
 1.14169878e+00]
2024-10-07 14:05:58,833 - pyswarms.single.global_best - INFO - Optimize for 2 iters with {'c1': 0.5, 'c2': 0.3, 'w': 0.9}
2024-10-07 14:06:10,255 - pyswarms.single.global_best - INFO - Optimization finished | best cost: 0.0023308747208733247, best pos: [1.88160985e-04 3.93026204e-05 5.20571159e-02 2.09141281e-02
 1.14169878e+00]
2024-10-07 14:24:40,305 - pyswarms.single.global_best - INFO - Optimize for 2 iters with {'c1': 0.5, 'c2': 0.3, 'w': 0.9}
2024-10-07 14:24:50,292 - pyswarms.single.global_best - INFO - Optimization finished | best cost: 0.0006236467408449739, best pos: [1.73343093e-04 3.12944000e-05 1.35797582e-01 1.28168746e-01
 4.60900992e-01]
2024-10-07 14:31:34,602 - pyswarms.single.global_best - INFO - Optimize for 2 iters with {'c1': 0.5, 'c2': 0.3, 'w': 0.9}
2024-10-07 14:31:47,186 - pyswarms.single.global_best - INFO - Optimization finished | best cost: 0.0006236473007452472, best pos: [1.73343093e-04 3.12944000e-05 1.35797582e-01 1.28168746e-01
 4.60900992e-01]
2024-10-07 14:51:55,385 - pyswarms.single.global_best - INFO - Optimize for 2 iters with {'c1': 0.5, 'c2': 0.3, 'w': 0.9}
2024-10-07 14:52:24,446 - pyswarms.backend.generators - ERROR - Bounds and/or init_pos should be of size (6,)
Traceback (most recent call last):
  File "/Users/synnemard/anaconda3/lib/python3.11/site-packages/pyswarms/backend/generators.py", line 81, in generate_swarm
    pos = center * np.random.uniform(
                   ^^^^^^^^^^^^^^^^^^
  File "numpy/random/mtrand.pyx", line 1170, in numpy.random.mtrand.RandomState.uniform
  File "_common.pyx", line 600, in numpy.random._common.cont
  File "_common.pyx", line 517, in numpy.random._common.cont_broadcast_2
  File "__init__.cython-30.pxd", line 780, in numpy.PyArray_MultiIterNew3
ValueError: shape mismatch: objects cannot be broadcast to a single shape.  Mismatch is between arg 0 with shape (6, 6) and arg 1 with shape (6, 5).
2024-10-07 14:53:09,964 - pyswarms.backend.generators - ERROR - Bounds and/or init_pos should be of size (6,)
Traceback (most recent call last):
  File "/Users/synnemard/anaconda3/lib/python3.11/site-packages/pyswarms/backend/generators.py", line 81, in generate_swarm
    pos = center * np.random.uniform(
                   ^^^^^^^^^^^^^^^^^^
  File "numpy/random/mtrand.pyx", line 1170, in numpy.random.mtrand.RandomState.uniform
  File "_common.pyx", line 600, in numpy.random._common.cont
  File "_common.pyx", line 517, in numpy.random._common.cont_broadcast_2
  File "__init__.cython-30.pxd", line 780, in numpy.PyArray_MultiIterNew3
ValueError: shape mismatch: objects cannot be broadcast to a single shape.  Mismatch is between arg 0 with shape (5, 6) and arg 1 with shape (5, 5).
2024-10-07 14:54:32,662 - pyswarms.backend.generators - ERROR - Bounds and/or init_pos should be of size (6,)
Traceback (most recent call last):
  File "/Users/synnemard/anaconda3/lib/python3.11/site-packages/pyswarms/backend/generators.py", line 81, in generate_swarm
    pos = center * np.random.uniform(
                   ^^^^^^^^^^^^^^^^^^
  File "numpy/random/mtrand.pyx", line 1170, in numpy.random.mtrand.RandomState.uniform
  File "_common.pyx", line 600, in numpy.random._common.cont
  File "_common.pyx", line 517, in numpy.random._common.cont_broadcast_2
  File "__init__.cython-30.pxd", line 780, in numpy.PyArray_MultiIterNew3
ValueError: shape mismatch: objects cannot be broadcast to a single shape.  Mismatch is between arg 0 with shape (5, 6) and arg 1 with shape (5, 5).
2024-10-07 14:55:21,006 - pyswarms.single.global_best - INFO - Optimize for 2 iters with {'c1': 0.5, 'c2': 0.3, 'w': 0.9}
2024-10-07 14:55:32,180 - pyswarms.single.global_best - INFO - Optimization finished | best cost: 0.004749599186880875, best pos: [2.40327004e-04 4.68099815e-05 8.79675772e-02 1.96651061e-02
 8.70969953e-01 7.86675567e+00]
2024-10-07 15:05:55,492 - pyswarms.single.global_best - INFO - Optimize for 2 iters with {'c1': 0.5, 'c2': 0.3, 'w': 0.9}
2024-10-07 15:06:04,742 - pyswarms.single.global_best - INFO - Optimization finished | best cost: 0.005111341076402437, best pos: [1.04541226e-04 8.35624244e-06 4.29767897e-02 1.28293030e-01
 1.48411368e+00 6.60122936e+00]
2024-10-07 15:15:37,385 - pyswarms.single.global_best - INFO - Optimize for 2 iters with {'c1': 0.5, 'c2': 0.3, 'w': 0.9}
2024-10-07 15:15:47,211 - pyswarms.single.global_best - INFO - Optimization finished | best cost: 0.005811024990117128, best pos: [1.04541226e-04 8.35624244e-06 4.29767897e-02 1.28293030e-01
 1.48411368e+00 3.20245871e+01]
2024-10-07 15:21:46,811 - pyswarms.single.global_best - INFO - Optimize for 2 iters with {'c1': 0.5, 'c2': 0.3, 'w': 0.9}
2024-10-07 15:21:56,912 - pyswarms.single.global_best - INFO - Optimization finished | best cost: 0.0022422053431457533, best pos: [1.88160985e-04 3.93026204e-05 5.20571159e-02 2.09141281e-02
 1.14169878e+00]
2024-10-07 15:23:14,795 - pyswarms.single.global_best - INFO - Optimize for 2 iters with {'c1': 0.5, 'c2': 0.3, 'w': 0.9}
2024-10-07 15:23:28,260 - pyswarms.single.global_best - INFO - Optimization finished | best cost: 0.002570125084483326, best pos: [1.88160985e-04 3.93026204e-05 5.20571159e-02 2.09141281e-02
 1.14169878e+00]
2024-10-07 15:23:41,994 - pyswarms.single.global_best - INFO - Optimize for 2 iters with {'c1': 0.5, 'c2': 0.3, 'w': 0.9}
2024-10-07 15:23:52,103 - pyswarms.single.global_best - INFO - Optimization finished | best cost: 0.002618540389807733, best pos: [2.81035201e-04 3.41044656e-05 5.75158720e-02 1.65876977e-01
 9.82031642e-01]
2024-10-07 15:25:25,099 - pyswarms.single.global_best - INFO - Optimize for 2 iters with {'c1': 0.5, 'c2': 0.3, 'w': 0.9}
2024-10-07 15:25:34,640 - pyswarms.single.global_best - INFO - Optimization finished | best cost: 0.015299010553966486, best pos: [1.88160985e-04 3.93026204e-05 5.20571159e-02 2.09141281e-02
 9.48581000e-01]
2024-10-07 15:27:51,000 - pyswarms.single.global_best - INFO - Optimize for 2 iters with {'c1': 0.5, 'c2': 0.3, 'w': 0.9}
2024-10-07 15:28:00,466 - pyswarms.single.global_best - INFO - Optimization finished | best cost: 0.0012160411809417704, best pos: [1.25878436e-04 3.65581416e-05 1.03143735e-01 1.21330787e-01
 3.49006452e-01 5.36413812e+01]
2024-10-07 15:29:08,483 - pyswarms.single.global_best - INFO - Optimize for 2 iters with {'c1': 0.5, 'c2': 0.3, 'w': 0.9}
2024-10-07 15:29:18,811 - pyswarms.single.global_best - INFO - Optimization finished | best cost: 0.0025204737788617673, best pos: [ 2.23118820e-04  2.88140618e-05  1.92029318e-01  1.83169704e-01
  4.02090527e-01 -5.23755217e+01]
2024-10-07 15:30:21,167 - pyswarms.single.global_best - INFO - Optimize for 2 iters with {'c1': 0.5, 'c2': 0.3, 'w': 0.9}
2024-10-07 15:30:31,258 - pyswarms.single.global_best - INFO - Optimization finished | best cost: 0.005076742916359126, best pos: [1.04541226e-04 8.35624244e-06 4.29767897e-02 1.28293030e-01
 1.36803926e+00 3.20245871e+01]
2024-10-07 15:31:33,669 - pyswarms.single.global_best - INFO - Optimize for 2 iters with {'c1': 0.5, 'c2': 0.3, 'w': 0.9}
2024-10-07 15:31:43,347 - pyswarms.single.global_best - INFO - Optimization finished | best cost: 0.0025204741462971523, best pos: [ 2.23118820e-04  2.88140618e-05  1.92029318e-01  1.83169704e-01
  4.02090527e-01 -5.23755217e+01]
2024-10-07 15:32:17,623 - pyswarms.single.global_best - INFO - Optimize for 2 iters with {'c1': 0.5, 'c2': 0.3, 'w': 0.9}
2024-10-07 15:32:29,681 - pyswarms.single.global_best - INFO - Optimization finished | best cost: 0.0025204732160699836, best pos: [ 2.23118820e-04  2.88140618e-05  1.92029318e-01  1.83169704e-01
  4.02090527e-01 -5.23755217e+01]
2024-10-07 15:34:15,754 - pyswarms.single.global_best - INFO - Optimize for 2 iters with {'c1': 0.5, 'c2': 0.3, 'w': 0.9}
2024-10-07 15:34:25,427 - pyswarms.single.global_best - INFO - Optimization finished | best cost: 0.0025204741558748855, best pos: [ 2.23118820e-04  2.88140618e-05  1.92029318e-01  1.83169704e-01
  4.02090527e-01 -5.23755217e+01]
2024-10-07 15:35:00,623 - pyswarms.single.global_best - INFO - Optimize for 2 iters with {'c1': 0.5, 'c2': 0.3, 'w': 0.9}
2024-10-07 15:35:10,593 - pyswarms.single.global_best - INFO - Optimization finished | best cost: 0.0025204740595270968, best pos: [ 2.23118820e-04  2.88140618e-05  1.92029318e-01  1.83169704e-01
  4.02090527e-01 -5.23755217e+01]
2024-10-07 15:35:52,805 - pyswarms.single.global_best - INFO - Optimize for 2 iters with {'c1': 0.5, 'c2': 0.3, 'w': 0.9}
2024-10-07 15:36:02,353 - pyswarms.single.global_best - INFO - Optimization finished | best cost: 0.0025204732177911086, best pos: [ 2.23118820e-04  2.88140618e-05  1.92029318e-01  1.83169704e-01
  4.02090527e-01 -5.23755217e+01]
2024-10-07 15:36:48,682 - pyswarms.single.global_best - INFO - Optimize for 2 iters with {'c1': 0.5, 'c2': 0.3, 'w': 0.9}
2024-10-07 15:36:58,410 - pyswarms.single.global_best - INFO - Optimization finished | best cost: 0.005076743383444516, best pos: [1.04541226e-04 8.35624244e-06 4.29767897e-02 1.28293030e-01
 1.36803926e+00 3.20245871e+01]
2024-10-07 15:37:59,472 - pyswarms.single.global_best - INFO - Optimize for 2 iters with {'c1': 0.5, 'c2': 0.3, 'w': 0.9}
2024-10-07 15:38:09,252 - pyswarms.single.global_best - INFO - Optimization finished | best cost: 0.005076743408803607, best pos: [1.04541226e-04 8.35624244e-06 4.29767897e-02 1.28293030e-01
 1.36803926e+00 3.20245871e+01]
2024-10-07 15:52:50,777 - pyswarms.single.global_best - INFO - Optimize for 2 iters with {'c1': 0.5, 'c2': 0.3, 'w': 0.9}
2024-10-07 15:53:09,772 - pyswarms.single.global_best - INFO - Optimization finished | best cost: 0.005076743408803607, best pos: [1.04541226e-04 8.35624244e-06 4.29767897e-02 1.28293030e-01
 1.36803926e+00 3.20245871e+01]
2024-10-07 15:54:01,794 - pyswarms.single.global_best - INFO - Optimize for 2 iters with {'c1': 0.5, 'c2': 0.3, 'w': 0.9}
2024-10-07 15:54:12,072 - pyswarms.single.global_best - INFO - Optimization finished | best cost: 0.010851871181652007, best pos: [1.04541226e-04 8.35624244e-06 4.29767897e-02 1.28293030e-01
 1.36803926e+00 3.20245871e+01]
2024-10-07 15:55:50,165 - pyswarms.single.global_best - INFO - Optimize for 2 iters with {'c1': 0.5, 'c2': 0.3, 'w': 0.9}
2024-10-07 15:56:00,445 - pyswarms.single.global_best - INFO - Optimization finished | best cost: 0.010851874317441564, best pos: [1.04541226e-04 8.35624244e-06 4.29767897e-02 1.28293030e-01
 1.36803926e+00 3.20245871e+01]
2024-10-07 15:58:21,980 - pyswarms.single.global_best - INFO - Optimize for 2 iters with {'c1': 0.5, 'c2': 0.3, 'w': 0.9}
2024-10-07 15:58:32,929 - pyswarms.single.global_best - INFO - Optimization finished | best cost: 0.0010998803241110398, best pos: [1.88160985e-04 3.93026204e-05 5.20571159e-02 2.09141281e-02
 9.48581000e-01]
2024-10-07 15:59:32,471 - pyswarms.single.global_best - INFO - Optimize for 2 iters with {'c1': 0.5, 'c2': 0.3, 'w': 0.9}
2024-10-07 15:59:42,786 - pyswarms.single.global_best - INFO - Optimization finished | best cost: 0.010357393447821312, best pos: [1.88160985e-04 3.93026204e-05 5.20571159e-02 2.09141281e-02
 9.48581000e-01]
2024-10-07 16:00:41,681 - pyswarms.single.global_best - INFO - Optimize for 2 iters with {'c1': 0.5, 'c2': 0.3, 'w': 0.9}
2024-10-07 16:00:52,341 - pyswarms.single.global_best - INFO - Optimization finished | best cost: 0.001884721851890295, best pos: [1.88160985e-04 3.93026204e-05 5.20571159e-02 2.09141281e-02
 9.48581000e-01]
2024-10-07 16:01:49,123 - pyswarms.single.global_best - INFO - Optimize for 2 iters with {'c1': 0.5, 'c2': 0.3, 'w': 0.9}
2024-10-07 16:02:00,828 - pyswarms.single.global_best - INFO - Optimization finished | best cost: 0.0014221823658198173, best pos: [1.88160985e-04 3.93026204e-05 5.20571159e-02 2.09141281e-02
 9.48581000e-01]
2024-10-07 16:03:32,385 - pyswarms.single.global_best - INFO - Optimize for 2 iters with {'c1': 0.5, 'c2': 0.3, 'w': 0.9}
2024-10-07 16:03:42,824 - pyswarms.single.global_best - INFO - Optimization finished | best cost: 0.0014221823653201768, best pos: [1.88160985e-04 3.93026204e-05 5.20571159e-02 2.09141281e-02
 9.48581000e-01]
2024-10-07 16:04:51,410 - pyswarms.single.global_best - INFO - Optimize for 2 iters with {'c1': 0.5, 'c2': 0.3, 'w': 0.9}
2024-10-07 16:05:02,859 - pyswarms.single.global_best - INFO - Optimization finished | best cost: 0.001884721868486414, best pos: [1.88160985e-04 3.93026204e-05 5.20571159e-02 2.09141281e-02
 9.48581000e-01]
2024-10-07 16:06:04,001 - pyswarms.single.global_best - INFO - Optimize for 2 iters with {'c1': 0.5, 'c2': 0.3, 'w': 0.9}
2024-10-07 16:06:14,516 - pyswarms.single.global_best - INFO - Optimization finished | best cost: 0.0026426834043039174, best pos: [1.88160985e-04 3.93026204e-05 5.20571159e-02 2.09141281e-02
 9.48581000e-01]
2024-10-07 16:07:17,867 - pyswarms.single.global_best - INFO - Optimize for 2 iters with {'c1': 0.5, 'c2': 0.3, 'w': 0.9}
2024-10-07 16:07:28,472 - pyswarms.single.global_best - INFO - Optimization finished | best cost: 0.0014115792271864826, best pos: [1.88160985e-04 3.93026204e-05 5.20571159e-02 2.09141281e-02
 9.48581000e-01]
2024-10-07 16:08:39,443 - pyswarms.single.global_best - INFO - Optimize for 2 iters with {'c1': 0.5, 'c2': 0.3, 'w': 0.9}
2024-10-07 16:08:49,839 - pyswarms.single.global_best - INFO - Optimization finished | best cost: 0.007372864183205178, best pos: [1.04541226e-04 8.35624244e-06 4.29767897e-02 1.28293030e-01
 1.36803926e+00 3.20245871e+01]
2024-10-07 16:09:45,009 - pyswarms.single.global_best - INFO - Optimize for 2 iters with {'c1': 0.5, 'c2': 0.3, 'w': 0.9}
2024-10-07 16:09:55,647 - pyswarms.single.global_best - INFO - Optimization finished | best cost: 0.007372863051451479, best pos: [1.04541226e-04 8.35624244e-06 4.29767897e-02 1.28293030e-01
 1.36803926e+00 3.20245871e+01]
2024-10-07 16:11:11,706 - pyswarms.single.global_best - INFO - Optimize for 2 iters with {'c1': 0.5, 'c2': 0.3, 'w': 0.9}
2024-10-07 16:11:22,495 - pyswarms.single.global_best - INFO - Optimization finished | best cost: 0.0073728604372290535, best pos: [1.04541226e-04 8.35624244e-06 4.29767897e-02 1.28293030e-01
 1.36803926e+00 3.20245871e+01]
2024-10-07 16:12:42,406 - pyswarms.single.global_best - INFO - Optimize for 2 iters with {'c1': 0.5, 'c2': 0.3, 'w': 0.9}
2024-10-07 16:12:52,864 - pyswarms.single.global_best - INFO - Optimization finished | best cost: 0.005076742657006571, best pos: [1.04541226e-04 8.35624244e-06 4.29767897e-02 1.28293030e-01
 1.36803926e+00 3.20245871e+01]
2024-10-07 16:15:09,444 - pyswarms.single.global_best - INFO - Optimize for 2 iters with {'c1': 0.5, 'c2': 0.3, 'w': 0.9}
2024-10-07 16:15:19,521 - pyswarms.single.global_best - INFO - Optimization finished | best cost: 0.007372859053043944, best pos: [1.04541226e-04 8.35624244e-06 4.29767897e-02 1.28293030e-01
 1.36803926e+00 3.20245871e+01]
2024-10-07 16:16:16,499 - pyswarms.single.global_best - INFO - Optimize for 2 iters with {'c1': 0.5, 'c2': 0.3, 'w': 0.9}
2024-10-07 16:16:31,578 - pyswarms.single.global_best - INFO - Optimization finished | best cost: 0.005076744991495, best pos: [1.04541226e-04 8.35624244e-06 4.29767897e-02 1.28293030e-01
 1.36803926e+00 3.20245871e+01]
2024-10-07 16:16:52,082 - pyswarms.single.global_best - INFO - Optimize for 2 iters with {'c1': 0.5, 'c2': 0.3, 'w': 0.9}
2024-10-07 16:17:01,740 - pyswarms.single.global_best - INFO - Optimization finished | best cost: 0.0076856265131358585, best pos: [ 6.27930677e-05  2.51589924e-05  2.85277663e-02  6.41394951e-02
  1.95065228e+00 -4.46549335e+01]
2024-10-07 16:17:56,472 - pyswarms.single.global_best - INFO - Optimize for 2 iters with {'c1': 0.5, 'c2': 0.3, 'w': 0.9}
2024-10-07 16:18:07,311 - pyswarms.single.global_best - INFO - Optimization finished | best cost: 0.005076743408803607, best pos: [1.04541226e-04 8.35624244e-06 4.29767897e-02 1.28293030e-01
 1.36803926e+00 3.20245871e+01]
2024-10-07 16:19:08,372 - pyswarms.single.global_best - INFO - Optimize for 2 iters with {'c1': 0.5, 'c2': 0.3, 'w': 0.9}
2024-10-07 16:19:18,982 - pyswarms.single.global_best - INFO - Optimization finished | best cost: 0.00507674341962598, best pos: [1.04541226e-04 8.35624244e-06 4.29767897e-02 1.28293030e-01
 1.36803926e+00 3.20245871e+01]
2024-10-07 16:21:47,235 - pyswarms.single.global_best - INFO - Optimize for 2 iters with {'c1': 0.5, 'c2': 0.3, 'w': 0.9}
2024-10-07 16:21:57,584 - pyswarms.single.global_best - INFO - Optimization finished | best cost: 0.010851874393396615, best pos: [1.04541226e-04 8.35624244e-06 4.29767897e-02 1.28293030e-01
 1.36803926e+00 3.20245871e+01]
2024-10-07 16:27:18,894 - pyswarms.single.global_best - INFO - Optimize for 2 iters with {'c1': 0.5, 'c2': 0.3, 'w': 0.9}
2024-10-07 16:27:28,929 - pyswarms.single.global_best - INFO - Optimization finished | best cost: 0.010851868122281177, best pos: [1.04541226e-04 8.35624244e-06 4.29767897e-02 1.28293030e-01
 1.36803926e+00 3.20245871e+01]
2024-10-08 13:41:08,025 - pyswarms.single.global_best - INFO - Optimize for 2 iters with {'c1': 0.5, 'c2': 0.3, 'w': 0.9}
2024-10-08 13:41:17,554 - pyswarms.single.global_best - INFO - Optimization finished | best cost: 0.003216726530895819, best pos: [ 1.89321985e-04  1.71136362e-05  9.41427468e-02  1.40486018e-01
  6.30709429e-01 -8.87645417e+01]
2024-10-08 13:48:05,532 - pyswarms.single.global_best - INFO - Optimize for 2 iters with {'c1': 0.5, 'c2': 0.3, 'w': 0.9}
2024-10-08 13:48:20,701 - pyswarms.single.global_best - INFO - Optimization finished | best cost: 0.006140619627025541, best pos: [ 8.74304836e-05  3.46571831e-05  4.46320749e-02  4.22344849e-02
  1.33042821e+00 -3.40277252e+01]
2024-10-08 13:49:27,507 - pyswarms.single.global_best - INFO - Optimize for 2 iters with {'c1': 0.5, 'c2': 0.3, 'w': 0.9}
2024-10-08 13:49:37,878 - pyswarms.single.global_best - INFO - Optimization finished | best cost: 0.005076743408803607, best pos: [1.04541226e-04 8.35624244e-06 4.29767897e-02 1.28293030e-01
 1.36803926e+00 3.20245871e+01]
2024-10-09 08:38:55,464 - pyswarms.single.global_best - INFO - Optimize for 2 iters with {'c1': 0.5, 'c2': 0.3, 'w': 0.9}
2024-10-09 08:39:11,086 - pyswarms.single.global_best - INFO - Optimization finished | best cost: 0.0038486997313856653, best pos: [2.50219136e-04 4.76450481e-05 1.06688457e-01 1.56115759e-01
 1.14340678e+00 4.52588555e+00]
2024-10-09 10:23:43,704 - pyswarms.single.global_best - INFO - Optimize for 2 iters with {'c1': 0.5, 'c2': 0.3, 'w': 0.9}
2024-10-09 10:31:43,922 - pyswarms.single.global_best - INFO - Optimize for 2 iters with {'c1': 0.5, 'c2': 0.3, 'w': 0.9}
2024-10-09 10:32:40,627 - pyswarms.single.global_best - INFO - Optimize for 2 iters with {'c1': 0.5, 'c2': 0.3, 'w': 0.9}
2024-10-09 10:32:49,841 - pyswarms.single.global_best - INFO - Optimization finished | best cost: 0.0036828602336305273, best pos: [ 2.83967542e-04  2.44148071e-05  1.47676374e-02  1.60762701e-01
  7.62652556e-01 -7.53187510e+01]
2024-10-09 10:33:33,406 - pyswarms.single.global_best - INFO - Optimize for 2 iters with {'c1': 0.5, 'c2': 0.3, 'w': 0.9}
2024-10-09 10:33:58,263 - pyswarms.single.global_best - INFO - Optimize for 2 iters with {'c1': 0.5, 'c2': 0.3, 'w': 0.9}
2024-10-09 10:49:36,011 - pyswarms.single.global_best - INFO - Optimize for 2 iters with {'c1': 0.5, 'c2': 0.3, 'w': 0.9}
2024-10-09 10:49:58,104 - pyswarms.single.global_best - INFO - Optimize for 2 iters with {'c1': 0.5, 'c2': 0.3, 'w': 0.9}
2024-10-09 10:50:03,989 - pyswarms.single.global_best - INFO - Optimize for 2 iters with {'c1': 0.5, 'c2': 0.3, 'w': 0.9}
2024-10-09 10:51:13,683 - pyswarms.single.global_best - INFO - Optimize for 2 iters with {'c1': 0.5, 'c2': 0.3, 'w': 0.9}
2024-10-09 10:52:19,403 - pyswarms.single.global_best - INFO - Optimize for 2 iters with {'c1': 0.5, 'c2': 0.3, 'w': 0.9}
2024-10-09 10:52:27,717 - pyswarms.single.global_best - INFO - Optimize for 2 iters with {'c1': 0.5, 'c2': 0.3, 'w': 0.9}
2024-10-09 10:56:57,851 - pyswarms.single.global_best - INFO - Optimize for 100 iters with {'c1': 0.5, 'c2': 0.3, 'w': 0.9}
2024-10-09 10:57:15,609 - pyswarms.single.global_best - INFO - Optimize for 2 iters with {'c1': 0.5, 'c2': 0.3, 'w': 0.9}
2024-10-09 10:57:29,692 - pyswarms.single.global_best - INFO - Optimize for 100 iters with {'c1': 0.5, 'c2': 0.3, 'w': 0.9}
2024-10-09 11:00:57,074 - pyswarms.backend.generators - ERROR - Bounds and/or init_pos should be of size (16,)
Traceback (most recent call last):
  File "/Users/synnemard/anaconda3/lib/python3.11/site-packages/pyswarms/backend/generators.py", line 74, in generate_swarm
    lb, ub = bounds
    ^^^^^^
ValueError: too many values to unpack (expected 2)
2024-10-09 11:01:01,380 - pyswarms.backend.generators - ERROR - Bounds and/or init_pos should be of size (16,)
Traceback (most recent call last):
  File "/Users/synnemard/anaconda3/lib/python3.11/site-packages/pyswarms/backend/generators.py", line 74, in generate_swarm
    lb, ub = bounds
    ^^^^^^
ValueError: too many values to unpack (expected 2)
2024-10-09 11:02:53,860 - pyswarms.backend.generators - ERROR - Bounds and/or init_pos should be of size (16,)
Traceback (most recent call last):
  File "/Users/synnemard/anaconda3/lib/python3.11/site-packages/pyswarms/backend/generators.py", line 74, in generate_swarm
    lb, ub = bounds
    ^^^^^^
ValueError: too many values to unpack (expected 2)
2024-10-09 11:36:23,877 - pyswarms.single.global_best - INFO - Optimize for 2 iters with {'c1': 0.5, 'c2': 0.3, 'w': 0.9}
2024-10-09 11:36:33,846 - pyswarms.single.global_best - INFO - Optimization finished | best cost: 0.002619655895768937, best pos: [ 1.87130055e-04  4.95029169e-05  3.46521140e-02  1.24296069e-01
  1.05875058e+00 -2.66497751e+01]
2024-10-09 11:37:18,086 - pyswarms.single.global_best - INFO - Optimize for 2 iters with {'c1': 0.5, 'c2': 0.3, 'w': 0.9}
2024-10-09 11:37:27,697 - pyswarms.single.global_best - INFO - Optimization finished | best cost: 0.005076742023912942, best pos: [1.04541226e-04 8.35624244e-06 4.29767897e-02 1.28293030e-01
 1.36803926e+00 3.20245871e+01]
2024-10-09 11:38:01,774 - pyswarms.backend.generators - ERROR - Bounds and/or init_pos should be of size (16,)
Traceback (most recent call last):
  File "/Users/synnemard/anaconda3/lib/python3.11/site-packages/pyswarms/backend/generators.py", line 74, in generate_swarm
    lb, ub = bounds
    ^^^^^^
ValueError: too many values to unpack (expected 2)
2024-10-09 11:38:25,860 - pyswarms.backend.generators - ERROR - Bounds and/or init_pos should be of size (16,)
Traceback (most recent call last):
  File "/Users/synnemard/anaconda3/lib/python3.11/site-packages/pyswarms/backend/generators.py", line 74, in generate_swarm
    lb, ub = bounds
    ^^^^^^
ValueError: too many values to unpack (expected 2)
2024-10-09 11:51:37,405 - pyswarms.single.global_best - INFO - Optimize for 2 iters with {'c1': 0.5, 'c2': 0.3, 'w': 0.9}
2024-10-09 11:51:46,942 - pyswarms.single.global_best - INFO - Optimization finished | best cost: 0.004134532963238104, best pos: [2.33498858e-04 4.00131849e-05 1.46611788e-01 1.76282971e-01
 1.02764898e+00 9.66331541e+00]
2024-10-09 13:35:30,489 - pyswarms.single.global_best - INFO - Optimize for 2 iters with {'c1': 0.5, 'c2': 0.3, 'w': 0.9}
2024-10-09 13:35:40,266 - pyswarms.single.global_best - INFO - Optimization finished | best cost: 0.008256221720998286, best pos: [1.98501245e-04 1.05985315e-05 1.35581068e-01 1.82562309e-01
 9.03304329e-01 3.68781294e+00]
2024-10-09 15:05:15,907 - pyswarms.single.global_best - INFO - Optimize for 2 iters with {'c1': 0.5, 'c2': 0.3, 'w': 0.9}
2024-10-09 15:05:25,185 - pyswarms.single.global_best - INFO - Optimization finished | best cost: 0.004327627138130773, best pos: [2.89419030e-04 1.21507094e-05 7.22867893e-02 1.63478574e-01
 1.12318212e+00 7.62280452e+00]
2024-10-09 15:07:28,728 - pyswarms.single.global_best - INFO - Optimize for 2 iters with {'c1': 0.5, 'c2': 0.3, 'w': 0.9}
2024-10-09 15:07:33,895 - pyswarms.single.global_best - INFO - Optimization finished | best cost: 0.006750706067128036, best pos: [0.80685387 0.85270495 0.71972812 0.73467974 0.99683062 0.41187764
 0.64544125 0.1488662  0.721545   0.50369465]
2024-10-09 15:08:29,509 - pyswarms.single.global_best - INFO - Optimize for 2 iters with {'c1': 0.5, 'c2': 0.3, 'w': 0.9}
2024-10-09 15:08:32,935 - pyswarms.single.global_best - INFO - Optimization finished | best cost: 0.011873624561619344, best pos: [0.17356205 0.62259489 0.67757105 0.66012294 0.66769449 0.14771357
 0.43787028 0.89241649 0.86561556 0.76599153]
2024-10-09 15:11:08,416 - pyswarms.single.global_best - INFO - Optimize for 2 iters with {'c1': 0.5, 'c2': 0.3, 'w': 0.9}
2024-10-09 15:11:13,784 - pyswarms.single.global_best - INFO - Optimization finished | best cost: 0.008672936103171007, best pos: [0.17356205 0.62259489 0.67757105 0.66012294 0.66769449 0.14771357
 0.43787028 0.89241649 0.86561556 0.76599153]
2024-10-09 15:13:55,417 - pyswarms.single.global_best - INFO - Optimize for 2 iters with {'c1': 0.5, 'c2': 0.3, 'w': 0.9}
2024-10-09 15:14:00,354 - pyswarms.single.global_best - INFO - Optimization finished | best cost: 0.009715695065194041, best pos: [1.4449522  0.19927173 0.52240548 1.18053196 0.66714894 0.94824628
 1.38262442 0.46709897 0.53994227 1.20422152]
2024-10-11 12:16:35,593 - pyswarms.single.global_best - INFO - Optimize for 2 iters with {'c1': 0.5, 'c2': 0.3, 'w': 0.9}
2024-10-11 12:16:38,911 - pyswarms.single.global_best - INFO - Optimization finished | best cost: 0.014163826689923078, best pos: [0.81016547 0.46533911 0.96948945 1.54889811 0.85722997 1.7103996
 0.84893781 1.08752995 1.44333417 0.64817426]
2024-10-11 12:49:04,903 - pyswarms.single.global_best - INFO - Optimize for 2 iters with {'c1': 0.5, 'c2': 0.3, 'w': 0.9}
2024-10-11 12:49:14,683 - pyswarms.single.global_best - INFO - Optimization finished | best cost: 0.013443583106007585, best pos: [1.14385342 0.76493076 0.75685402 0.67768708 0.43000437 0.62657955
 1.00037844 0.29808744 0.50588699 1.05195403]
2024-10-11 12:53:34,757 - pyswarms.single.global_best - INFO - Optimize for 2 iters with {'c1': 0.5, 'c2': 0.3, 'w': 0.9}
2024-10-11 12:53:40,849 - pyswarms.single.global_best - INFO - Optimization finished | best cost: 0.013443529090749227, best pos: [1.14385342 0.76493076 0.75685402 0.67768708 0.43000437 0.62657955
 1.00037844 0.29808744 0.50588699 1.05195403]
2024-10-11 12:54:29,978 - pyswarms.single.global_best - INFO - Optimize for 2 iters with {'c1': 0.5, 'c2': 0.3, 'w': 0.9}
2024-10-11 12:54:35,593 - pyswarms.single.global_best - INFO - Optimization finished | best cost: 0.013443714160211666, best pos: [1.14385342 0.76493076 0.75685402 0.67768708 0.43000437 0.62657955
 1.00037844 0.29808744 0.50588699 1.05195403]
2024-10-11 12:55:09,954 - pyswarms.single.global_best - INFO - Optimize for 2 iters with {'c1': 0.5, 'c2': 0.3, 'w': 0.9}
2024-10-11 12:55:15,905 - pyswarms.single.global_best - INFO - Optimization finished | best cost: 0.01344361909007661, best pos: [1.14385342 0.76493076 0.75685402 0.67768708 0.43000437 0.62657955
 1.00037844 0.29808744 0.50588699 1.05195403]
2024-10-11 12:56:27,164 - pyswarms.single.global_best - INFO - Optimize for 2 iters with {'c1': 0.5, 'c2': 0.3, 'w': 0.9}
2024-10-11 12:56:32,243 - pyswarms.single.global_best - INFO - Optimization finished | best cost: 0.013443628330405244, best pos: [1.14385342 0.76493076 0.75685402 0.67768708 0.43000437 0.62657955
 1.00037844 0.29808744 0.50588699 1.05195403]
2024-10-11 12:56:54,712 - pyswarms.single.global_best - INFO - Optimize for 2 iters with {'c1': 0.5, 'c2': 0.3, 'w': 0.9}
2024-10-11 12:57:00,031 - pyswarms.single.global_best - INFO - Optimization finished | best cost: 0.008672799057363257, best pos: [0.17356205 0.62259489 0.67757105 0.66012294 0.66769449 0.14771357
 0.43787028 0.89241649 0.86561556 0.76599153]
2024-10-11 12:58:10,042 - pyswarms.single.global_best - INFO - Optimize for 2 iters with {'c1': 0.5, 'c2': 0.3, 'w': 0.9}
2024-10-11 12:58:15,514 - pyswarms.single.global_best - INFO - Optimization finished | best cost: 0.013443611764513108, best pos: [1.14385342 0.76493076 0.75685402 0.67768708 0.43000437 0.62657955
 1.00037844 0.29808744 0.50588699 1.05195403]
2024-10-11 12:58:39,293 - pyswarms.single.global_best - INFO - Optimize for 2 iters with {'c1': 0.5, 'c2': 0.3, 'w': 0.9}
2024-10-11 12:58:44,907 - pyswarms.single.global_best - INFO - Optimization finished | best cost: 0.013443585591894139, best pos: [1.14385342 0.76493076 0.75685402 0.67768708 0.43000437 0.62657955
 1.00037844 0.29808744 0.50588699 1.05195403]
2024-10-11 12:58:58,954 - pyswarms.single.global_best - INFO - Optimize for 2 iters with {'c1': 0.5, 'c2': 0.3, 'w': 0.9}
2024-10-11 12:59:04,642 - pyswarms.single.global_best - INFO - Optimization finished | best cost: 0.00867298933924031, best pos: [0.17356205 0.62259489 0.67757105 0.66012294 0.66769449 0.14771357
 0.43787028 0.89241649 0.86561556 0.76599153]
2024-10-11 12:59:59,089 - pyswarms.single.global_best - INFO - Optimize for 2 iters with {'c1': 0.5, 'c2': 0.3, 'w': 0.9}
2024-10-11 13:00:04,741 - pyswarms.single.global_best - INFO - Optimization finished | best cost: 0.013443660141305477, best pos: [1.14385342 0.76493076 0.75685402 0.67768708 0.43000437 0.62657955
 1.00037844 0.29808744 0.50588699 1.05195403]
2024-10-11 13:00:08,604 - pyswarms.single.global_best - INFO - Optimize for 2 iters with {'c1': 0.5, 'c2': 0.3, 'w': 0.9}
2024-10-11 13:00:11,930 - pyswarms.single.global_best - INFO - Optimization finished | best cost: 0.008672943619869576, best pos: [0.17356205 0.62259489 0.67757105 0.66012294 0.66769449 0.14771357
 0.43787028 0.89241649 0.86561556 0.76599153]
2024-10-11 13:04:51,904 - pyswarms.single.global_best - INFO - Optimize for 2 iters with {'c1': 0.5, 'c2': 0.3, 'w': 0.9}
2024-10-11 13:04:56,328 - pyswarms.single.global_best - INFO - Optimization finished | best cost: 0.00867268498519329, best pos: [0.17356205 0.62259489 0.67757105 0.66012294 0.66769449 0.14771357
 0.43787028 0.89241649 0.86561556 0.76599153]
2024-10-11 13:16:13,281 - pyswarms.single.global_best - INFO - Optimize for 2 iters with {'c1': 0.5, 'c2': 0.3, 'w': 0.9}
2024-10-11 13:16:19,317 - pyswarms.single.global_best - INFO - Optimization finished | best cost: 0.008672682686440763, best pos: [0.17356205 0.62259489 0.67757105 0.66012294 0.66769449 0.14771357
 0.43787028 0.89241649 0.86561556 0.76599153]
2024-10-11 13:47:11,791 - pyswarms.single.global_best - INFO - Optimize for 2 iters with {'c1': 0.5, 'c2': 0.3, 'w': 0.9}
2024-10-11 13:47:17,134 - pyswarms.single.global_best - INFO - Optimization finished | best cost: 0.013443486833957768, best pos: [1.14385342 0.76493076 0.75685402 0.67768708 0.43000437 0.62657955
 1.00037844 0.29808744 0.50588699 1.05195403]
2024-10-11 13:47:46,829 - pyswarms.single.global_best - INFO - Optimize for 2 iters with {'c1': 0.5, 'c2': 0.3, 'w': 0.9}
2024-10-11 13:47:51,728 - pyswarms.single.global_best - INFO - Optimization finished | best cost: 0.008672932926712435, best pos: [0.17356205 0.62259489 0.67757105 0.66012294 0.66769449 0.14771357
 0.43787028 0.89241649 0.86561556 0.76599153]
2024-10-11 13:57:03,063 - pyswarms.single.global_best - INFO - Optimize for 2 iters with {'c1': 0.5, 'c2': 0.3, 'w': 0.9}
2024-10-11 13:57:07,169 - pyswarms.single.global_best - INFO - Optimization finished | best cost: 0.013443493661533806, best pos: [1.14385342 0.76493076 0.75685402 0.67768708 0.43000437 0.62657955
 1.00037844 0.29808744 0.50588699 1.05195403]
2024-10-11 16:16:17,364 - pyswarms.single.global_best - INFO - Optimize for 2 iters with {'c1': 0.5, 'c2': 0.3, 'w': 0.9}
2024-10-11 16:16:22,671 - pyswarms.single.global_best - INFO - Optimization finished | best cost: 0.011839026571251549, best pos: [0.54764412 0.90865688 1.00875695 0.82298515 0.74654815 1.05933282
 1.73754116 1.03444598 1.37839098 0.59744418]
2024-10-11 16:18:50,401 - pyswarms.single.global_best - INFO - Optimize for 2 iters with {'c1': 0.5, 'c2': 0.3, 'w': 0.9}
2024-10-11 16:18:55,154 - pyswarms.single.global_best - INFO - Optimization finished | best cost: 0.008672726006600212, best pos: [0.17356205 0.62259489 0.67757105 0.66012294 0.66769449 0.14771357
 0.43787028 0.89241649 0.86561556 0.76599153]
2024-10-11 16:35:26,829 - pyswarms.single.global_best - INFO - Optimize for 2 iters with {'c1': 0.5, 'c2': 0.3, 'w': 0.9}
2024-10-11 16:35:31,898 - pyswarms.single.global_best - INFO - Optimization finished | best cost: 0.013443545726424151, best pos: [1.14385342 0.76493076 0.75685402 0.67768708 0.43000437 0.62657955
 1.00037844 0.29808744 0.50588699 1.05195403]
2024-10-11 16:35:54,973 - pyswarms.single.global_best - INFO - Optimize for 2 iters with {'c1': 0.5, 'c2': 0.3, 'w': 0.9}
2024-10-11 16:35:57,995 - pyswarms.single.global_best - INFO - Optimization finished | best cost: 0.013443661556228465, best pos: [1.14385342 0.76493076 0.75685402 0.67768708 0.43000437 0.62657955
 1.00037844 0.29808744 0.50588699 1.05195403]
2024-10-14 14:35:43,736 - pyswarms.single.global_best - INFO - Optimize for 2 iters with {'c1': 0.5, 'c2': 0.3, 'w': 0.9}
2024-10-14 14:35:51,137 - pyswarms.single.global_best - INFO - Optimization finished | best cost: 0.01183907616134763, best pos: [0.54764412 0.90865688 1.00875695 0.82298515 0.74654815 1.05933282
 1.73754116 1.03444598 1.37839098 0.59744418]
2024-10-14 14:41:37,266 - pyswarms.single.global_best - INFO - Optimize for 2 iters with {'c1': 0.5, 'c2': 0.3, 'w': 0.9}
2024-10-14 14:41:43,366 - pyswarms.single.global_best - INFO - Optimization finished | best cost: 0.011839159207976036, best pos: [0.54764412 0.90865688 1.00875695 0.82298515 0.74654815 1.05933282
 1.73754116 1.03444598 1.37839098 0.59744418]
2024-10-14 15:00:14,509 - pyswarms.single.global_best - INFO - Optimize for 2 iters with {'c1': 0.5, 'c2': 0.3, 'w': 0.9}
2024-10-14 15:00:18,783 - pyswarms.single.global_best - INFO - Optimization finished | best cost: 0.013443626718289936, best pos: [1.14385342 0.76493076 0.75685402 0.67768708 0.43000437 0.62657955
 1.00037844 0.29808744 0.50588699 1.05195403]
2024-10-14 15:00:28,727 - pyswarms.single.global_best - INFO - Optimize for 2 iters with {'c1': 0.5, 'c2': 0.3, 'w': 0.9}
2024-10-14 15:00:32,339 - pyswarms.single.global_best - INFO - Optimization finished | best cost: 0.008672709070589152, best pos: [0.17356205 0.62259489 0.67757105 0.66012294 0.66769449 0.14771357
 0.43787028 0.89241649 0.86561556 0.76599153]
2024-10-14 15:31:27,285 - pyswarms.single.global_best - INFO - Optimize for 100 iters with {'c1': 0.5, 'c2': 0.3, 'w': 0.9}
2024-10-14 15:31:58,223 - pyswarms.single.global_best - INFO - Optimize for 100 iters with {'c1': 0.5, 'c2': 0.3, 'w': 0.9}
2024-10-14 15:32:13,238 - pyswarms.single.global_best - INFO - Optimize for 100 iters with {'c1': 0.5, 'c2': 0.3, 'w': 0.9}
2024-10-14 15:32:21,754 - pyswarms.single.global_best - INFO - Optimize for 2 iters with {'c1': 0.5, 'c2': 0.3, 'w': 0.9}
2024-10-14 15:33:55,646 - pyswarms.single.global_best - INFO - Optimize for 2 iters with {'c1': 0.5, 'c2': 0.3, 'w': 0.9}
2024-10-14 15:35:04,579 - pyswarms.single.global_best - INFO - Optimize for 2 iters with {'c1': 0.5, 'c2': 0.3, 'w': 0.9}
2024-10-14 15:36:35,500 - pyswarms.single.global_best - INFO - Optimize for 2 iters with {'c1': 0.5, 'c2': 0.3, 'w': 0.9}
2024-10-14 15:37:19,946 - pyswarms.single.global_best - INFO - Optimize for 2 iters with {'c1': 0.5, 'c2': 0.3, 'w': 0.9}
2024-10-14 15:39:58,240 - pyswarms.single.global_best - INFO - Optimize for 2 iters with {'c1': 0.5, 'c2': 0.3, 'w': 0.9}
2024-10-14 15:40:26,138 - pyswarms.single.global_best - INFO - Optimize for 2 iters with {'c1': 0.5, 'c2': 0.3, 'w': 0.9}
2024-10-14 15:40:30,488 - pyswarms.single.global_best - INFO - Optimize for 2 iters with {'c1': 0.5, 'c2': 0.3, 'w': 0.9}
2024-10-14 15:41:12,593 - pyswarms.single.global_best - INFO - Optimize for 2 iters with {'c1': 0.5, 'c2': 0.3, 'w': 0.9}
2024-10-14 15:44:09,722 - pyswarms.single.global_best - INFO - Optimize for 2 iters with {'c1': 0.5, 'c2': 0.3, 'w': 0.9}
2024-10-14 15:45:20,590 - pyswarms.single.global_best - INFO - Optimize for 2 iters with {'c1': 0.5, 'c2': 0.3, 'w': 0.9}
2024-10-14 15:45:26,314 - pyswarms.single.global_best - INFO - Optimization finished | best cost: 0.013443474879421475, best pos: [1.14385342 0.76493076 0.75685402 0.67768708 0.43000437 0.62657955
 1.00037844 0.29808744 0.50588699 1.05195403]
2024-10-15 10:23:01,188 - pyswarms.single.global_best - INFO - Optimize for 2 iters with {'c1': 0.5, 'c2': 0.3, 'w': 0.9}
2024-10-15 10:23:04,245 - pyswarms.single.global_best - INFO - Optimization finished | best cost: 0.013443627422414173, best pos: [1.14385342 0.76493076 0.75685402 0.67768708 0.43000437 0.62657955
 1.00037844 0.29808744 0.50588699 1.05195403]
2024-10-15 10:24:43,040 - pyswarms.single.global_best - INFO - Optimize for 2 iters with {'c1': 0.5, 'c2': 0.3, 'w': 0.9}
2024-10-15 10:24:46,815 - pyswarms.single.global_best - INFO - Optimization finished | best cost: 0.013443626997734583, best pos: [1.14385342 0.76493076 0.75685402 0.67768708 0.43000437 0.62657955
 1.00037844 0.29808744 0.50588699 1.05195403]
2024-10-15 10:37:15,177 - pyswarms.single.global_best - INFO - Optimize for 2 iters with {'c1': 0.5, 'c2': 0.3, 'w': 0.9}
2024-10-15 10:37:19,707 - pyswarms.single.global_best - INFO - Optimization finished | best cost: 0.013443573596108045, best pos: [1.14385342 0.76493076 0.75685402 0.67768708 0.43000437 0.62657955
 1.00037844 0.29808744 0.50588699 1.05195403]
2024-10-15 10:37:49,547 - pyswarms.single.global_best - INFO - Optimize for 2 iters with {'c1': 0.5, 'c2': 0.3, 'w': 0.9}
2024-10-15 10:37:54,007 - pyswarms.single.global_best - INFO - Optimization finished | best cost: 0.008672961949116133, best pos: [0.17356205 0.62259489 0.67757105 0.66012294 0.66769449 0.14771357
 0.43787028 0.89241649 0.86561556 0.76599153]
2024-10-15 10:38:47,423 - pyswarms.single.global_best - INFO - Optimize for 2 iters with {'c1': 0.5, 'c2': 0.3, 'w': 0.9}
2024-10-15 10:38:55,926 - pyswarms.single.global_best - INFO - Optimization finished | best cost: 0.008672705091445514, best pos: [0.17356205 0.62259489 0.67757105 0.66012294 0.66769449 0.14771357
 0.43787028 0.89241649 0.86561556 0.76599153]
2024-10-15 10:46:37,266 - pyswarms.single.global_best - INFO - Optimize for 2 iters with {'c1': 0.5, 'c2': 0.3, 'w': 0.9}
2024-10-15 10:46:41,346 - pyswarms.single.global_best - INFO - Optimization finished | best cost: 0.008672790380590245, best pos: [0.17356205 0.62259489 0.67757105 0.66012294 0.66769449 0.14771357
 0.43787028 0.89241649 0.86561556 0.76599153]
2024-10-15 10:50:14,723 - pyswarms.single.global_best - INFO - Optimize for 2 iters with {'c1': 0.5, 'c2': 0.3, 'w': 0.9}
2024-10-15 10:50:18,985 - pyswarms.single.global_best - INFO - Optimization finished | best cost: 0.008672692430548573, best pos: [0.17356205 0.62259489 0.67757105 0.66012294 0.66769449 0.14771357
 0.43787028 0.89241649 0.86561556 0.76599153]
2024-10-15 10:50:38,767 - pyswarms.single.global_best - INFO - Optimize for 2 iters with {'c1': 0.5, 'c2': 0.3, 'w': 0.9}
2024-10-15 10:50:43,348 - pyswarms.single.global_best - INFO - Optimization finished | best cost: 0.008672808280058198, best pos: [0.17356205 0.62259489 0.67757105 0.66012294 0.66769449 0.14771357
 0.43787028 0.89241649 0.86561556 0.76599153]
2024-10-15 10:55:11,467 - pyswarms.single.global_best - INFO - Optimize for 2 iters with {'c1': 0.5, 'c2': 0.3, 'w': 0.9}
2024-10-15 10:55:17,341 - pyswarms.single.global_best - INFO - Optimization finished | best cost: 0.008672708507765843, best pos: [0.17356205 0.62259489 0.67757105 0.66012294 0.66769449 0.14771357
 0.43787028 0.89241649 0.86561556 0.76599153]
2024-10-15 11:11:19,174 - pyswarms.single.global_best - INFO - Optimize for 2 iters with {'c1': 0.5, 'c2': 0.3, 'w': 0.9}
2024-10-15 11:11:24,863 - pyswarms.single.global_best - INFO - Optimization finished | best cost: 0.008672688263151474, best pos: [0.17356205 0.62259489 0.67757105 0.66012294 0.66769449 0.14771357
 0.43787028 0.89241649 0.86561556 0.76599153]
2024-10-15 11:11:35,752 - pyswarms.single.global_best - INFO - Optimize for 2 iters with {'c1': 0.5, 'c2': 0.3, 'w': 0.9}
2024-10-15 11:11:40,734 - pyswarms.single.global_best - INFO - Optimization finished | best cost: 0.008672943858299177, best pos: [0.17356205 0.62259489 0.67757105 0.66012294 0.66769449 0.14771357
 0.43787028 0.89241649 0.86561556 0.76599153]
2024-10-15 11:20:16,563 - pyswarms.single.global_best - INFO - Optimize for 2 iters with {'c1': 0.5, 'c2': 0.3, 'w': 0.9}
2024-10-15 11:20:22,078 - pyswarms.single.global_best - INFO - Optimization finished | best cost: 0.00921002745708942, best pos: [0.34035617 0.85166431 0.83486894 0.73756796 0.56645304 0.53594376
 0.60495906 0.44041342 0.98434313 0.22822877]
2024-10-15 11:22:33,524 - pyswarms.single.global_best - INFO - Optimize for 2 iters with {'c1': 0.5, 'c2': 0.3, 'w': 0.9}
2024-10-15 11:22:39,726 - pyswarms.single.global_best - INFO - Optimization finished | best cost: 0.013443628573945179, best pos: [1.14385342 0.76493076 0.75685402 0.67768708 0.43000437 0.62657955
 1.00037844 0.29808744 0.50588699 1.05195403]
2024-10-15 11:27:38,858 - pyswarms.single.global_best - INFO - Optimize for 2 iters with {'c1': 0.5, 'c2': 0.3, 'w': 0.9}
2024-10-15 11:27:42,113 - pyswarms.single.global_best - INFO - Optimization finished | best cost: 0.013443632838029919, best pos: [1.14385342 0.76493076 0.75685402 0.67768708 0.43000437 0.62657955
 1.00037844 0.29808744 0.50588699 1.05195403]
2024-10-15 11:30:09,362 - pyswarms.single.global_best - INFO - Optimize for 2 iters with {'c1': 0.5, 'c2': 0.3, 'w': 0.9}
2024-10-15 11:30:13,504 - pyswarms.single.global_best - INFO - Optimization finished | best cost: 0.01344347444280636, best pos: [1.14385342 0.76493076 0.75685402 0.67768708 0.43000437 0.62657955
 1.00037844 0.29808744 0.50588699 1.05195403]
2024-10-15 11:33:47,251 - pyswarms.single.global_best - INFO - Optimize for 2 iters with {'c1': 0.5, 'c2': 0.3, 'w': 0.9}
2024-10-15 11:33:50,693 - pyswarms.single.global_best - INFO - Optimization finished | best cost: 0.013443470336611122, best pos: [1.14385342 0.76493076 0.75685402 0.67768708 0.43000437 0.62657955
 1.00037844 0.29808744 0.50588699 1.05195403]
2024-10-15 11:36:46,775 - pyswarms.single.global_best - INFO - Optimize for 2 iters with {'c1': 0.5, 'c2': 0.3, 'w': 0.9}
2024-10-15 11:36:50,459 - pyswarms.single.global_best - INFO - Optimization finished | best cost: 0.013443565115574097, best pos: [1.14385342 0.76493076 0.75685402 0.67768708 0.43000437 0.62657955
 1.00037844 0.29808744 0.50588699 1.05195403]
2024-10-15 11:37:21,684 - pyswarms.single.global_best - INFO - Optimize for 2 iters with {'c1': 0.5, 'c2': 0.3, 'w': 0.9}
2024-10-15 11:37:25,422 - pyswarms.single.global_best - INFO - Optimization finished | best cost: 0.013443623633316413, best pos: [1.14385342 0.76493076 0.75685402 0.67768708 0.43000437 0.62657955
 1.00037844 0.29808744 0.50588699 1.05195403]
2024-10-15 11:37:46,313 - pyswarms.single.global_best - INFO - Optimize for 2 iters with {'c1': 0.5, 'c2': 0.3, 'w': 0.9}
2024-10-15 11:37:49,932 - pyswarms.single.global_best - INFO - Optimization finished | best cost: 0.013443631511324152, best pos: [1.14385342 0.76493076 0.75685402 0.67768708 0.43000437 0.62657955
 1.00037844 0.29808744 0.50588699 1.05195403]
2024-10-15 11:38:07,901 - pyswarms.single.global_best - INFO - Optimize for 2 iters with {'c1': 0.5, 'c2': 0.3, 'w': 0.9}
2024-10-15 11:38:11,531 - pyswarms.single.global_best - INFO - Optimization finished | best cost: 0.01344362701285921, best pos: [1.14385342 0.76493076 0.75685402 0.67768708 0.43000437 0.62657955
 1.00037844 0.29808744 0.50588699 1.05195403]
2024-10-15 11:53:59,259 - pyswarms.single.global_best - INFO - Optimize for 2 iters with {'c1': 0.5, 'c2': 0.3, 'w': 0.9}
2024-10-15 11:54:03,974 - pyswarms.single.global_best - INFO - Optimization finished | best cost: 0.01344363821882887, best pos: [1.14385342 0.76493076 0.75685402 0.67768708 0.43000437 0.62657955
 1.00037844 0.29808744 0.50588699 1.05195403]
2024-10-15 12:18:29,756 - pyswarms.single.global_best - INFO - Optimize for 2 iters with {'c1': 0.5, 'c2': 0.3, 'w': 0.9}
2024-10-15 12:18:33,529 - pyswarms.single.global_best - INFO - Optimization finished | best cost: 0.013443662485415987, best pos: [1.14385342 0.76493076 0.75685402 0.67768708 0.43000437 0.62657955
 1.00037844 0.29808744 0.50588699 1.05195403]
2024-10-15 12:34:10,345 - pyswarms.single.global_best - INFO - Optimize for 2 iters with {'c1': 0.5, 'c2': 0.3, 'w': 0.9}
2024-10-15 12:34:14,701 - pyswarms.single.global_best - INFO - Optimization finished | best cost: 0.013443524955335006, best pos: [1.14385342 0.76493076 0.75685402 0.67768708 0.43000437 0.62657955
 1.00037844 0.29808744 0.50588699 1.05195403]
2024-10-28 14:58:26,040 - matplotlib.legend - WARNING - No artists with labels found to put in legend.  Note that artists whose label start with an underscore are ignored when legend() is called with no argument.
2024-10-28 15:00:53,561 - matplotlib.legend - WARNING - No artists with labels found to put in legend.  Note that artists whose label start with an underscore are ignored when legend() is called with no argument.
2024-10-28 15:07:44,564 - matplotlib.legend - WARNING - No artists with labels found to put in legend.  Note that artists whose label start with an underscore are ignored when legend() is called with no argument.
2024-11-03 16:22:55,892 - pyswarms.single.global_best - INFO - Optimize for 2 iters with {'c1': 0.5, 'c2': 0.3, 'w': 0.9}
2024-11-03 16:22:59,072 - pyswarms.single.global_best - INFO - Optimization finished | best cost: 0.013443540669745385, best pos: [1.14385342 0.76493076 0.75685402 0.67768708 0.43000437 0.62657955
 1.00037844 0.29808744 0.50588699 1.05195403]
2024-11-03 16:23:29,263 - pyswarms.single.global_best - INFO - Optimize for 2 iters with {'c1': 0.5, 'c2': 0.3, 'w': 0.9}
2024-11-03 16:23:33,160 - pyswarms.single.global_best - INFO - Optimization finished | best cost: 0.013443532293545467, best pos: [1.14385342 0.76493076 0.75685402 0.67768708 0.43000437 0.62657955
 1.00037844 0.29808744 0.50588699 1.05195403]
2024-11-07 14:37:51,167 - pyswarms.single.global_best - INFO - Optimize for 2 iters with {'c1': 0.5, 'c2': 0.3, 'w': 0.9}
2024-11-07 14:37:51,501 - pyswarms.single.global_best - INFO - Optimization finished | best cost: 22.166573688639296, best pos: [0.1331181  0.96661725 0.02545582 0.70850352 0.53873794 0.55794706
 0.88725556 0.62093285 0.78234115 0.68806428]
2024-11-07 14:38:21,160 - pyswarms.single.global_best - INFO - Optimize for 2 iters with {'c1': 0.5, 'c2': 0.3, 'w': 0.9}
2024-11-07 14:38:21,243 - pyswarms.single.global_best - INFO - Optimization finished | best cost: 56.24516783812748, best pos: [1.28113524 1.23070836 1.51940592 1.09019415 0.9456326  1.29446567
 1.54661705 0.66764219 1.29439411 1.07310147]
2024-11-07 14:38:36,038 - pyswarms.single.global_best - INFO - Optimize for 10 iters with {'c1': 0.5, 'c2': 0.3, 'w': 0.9}
2024-11-07 14:38:36,137 - pyswarms.single.global_best - INFO - Optimization finished | best cost: 2.6354871479281927, best pos: [0.79551853 3.38202679 1.90309949 1.55390921 4.58726102 1.24031017
 2.71052586 3.37247056 1.9589583  1.74435968]
2024-11-07 14:38:46,334 - pyswarms.single.global_best - INFO - Optimize for 100 iters with {'c1': 0.5, 'c2': 0.3, 'w': 0.9}
2024-11-07 14:38:48,384 - pyswarms.single.global_best - INFO - Optimization finished | best cost: 0.0004704854896993653, best pos: [1.68044503e-03 1.36567764e+00 1.05340267e+00 2.79961157e+00
 2.65441811e+00 1.46897350e-01 3.09987555e+00 2.85651657e+00
 1.61530644e+00 8.14089677e-01]
2024-11-07 14:39:12,744 - pyswarms.single.global_best - INFO - Optimize for 100 iters with {'c1': 0.5, 'c2': 0.3, 'w': 0.9}
2024-11-07 14:39:14,930 - pyswarms.single.global_best - INFO - Optimization finished | best cost: 0.0005356048346656873, best pos: [6.85348527e-04 1.14623217e+00 1.34123503e+00 2.21397849e+00
 1.56950328e+00 6.61848710e-02 1.33496026e+00 1.67603254e+00
 1.21344471e+00 4.17965332e-01]
2024-11-07 14:48:44,059 - pyswarms.single.global_best - INFO - Optimize for 100 iters with {'c1': 0.5, 'c2': 0.3, 'w': 0.9}
2024-11-07 14:48:46,515 - pyswarms.single.global_best - INFO - Optimization finished | best cost: 0.0005118304522780739, best pos: [4.28019479e-04 2.74882578e+00 2.77706497e+00 3.68837251e-01
 1.81379868e+00 6.72889722e-02 1.96613793e+00 8.69990078e-01
 1.89707455e+00 2.55869750e+00]
2024-11-07 15:21:57,916 - pyswarms.single.global_best - INFO - Optimize for 100 iters with {'c1': 0.5, 'c2': 0.3, 'w': 0.9}
2024-11-07 15:22:00,532 - pyswarms.single.global_best - INFO - Optimization finished | best cost: 0.0004429986764487967, best pos: [1.13307816e-03 2.84220091e+00 2.22529121e+00 1.42588642e+00
 5.37058410e+00 1.94381537e-01 1.50647326e+00 5.82523985e+00
 2.42621105e+00 2.96468381e+00]
2024-11-07 15:28:27,117 - pyswarms.single.global_best - INFO - Optimize for 100 iters with {'c1': 0.5, 'c2': 0.3, 'w': 0.9}
2024-11-07 15:28:29,717 - pyswarms.single.global_best - INFO - Optimization finished | best cost: 0.00041705445834252125, best pos: [2.31706272e-03 2.75753310e+00 5.04878268e+00 3.19630744e+00
 5.53279877e+00 2.42853497e-01 3.54151880e+00 5.06817982e+00
 4.25252140e+00 1.89713042e+00]
2024-11-07 15:46:49,096 - pyswarms.single.global_best - INFO - Optimize for 100 iters with {'c1': 0.5, 'c2': 0.3, 'w': 0.9}
2024-11-07 15:46:52,212 - pyswarms.single.global_best - INFO - Optimization finished | best cost: 0.0006637978510045579, best pos: [ 0.03419638  0.00079203 -0.00972735  0.5300565   0.78063137 -0.04505985
  0.65148992  0.15879646  0.74921387  0.78756486]
2024-11-07 15:48:36,222 - pyswarms.single.global_best - INFO - Optimize for 100 iters with {'c1': 0.5, 'c2': 0.3, 'w': 0.9}
2024-11-07 15:48:38,780 - pyswarms.single.global_best - INFO - Optimization finished | best cost: 0.0006652015185817991, best pos: [3.41377899e-02 9.43739727e-04 4.70090741e-02 8.52477965e-01
 6.92158320e-01 1.46787717e+00 9.79893024e-01 4.19711595e-01
 6.26869414e-01 9.62823340e-01]
2024-11-07 15:53:37,034 - pyswarms.single.global_best - INFO - Optimize for 100 iters with {'c1': 0.5, 'c2': 0.3, 'w': 0.9}
2024-11-07 15:53:39,602 - pyswarms.single.global_best - INFO - Optimization finished | best cost: 0.0006636990328123284, best pos: [3.42115873e-02 7.76451113e-04 8.79577600e-01 1.06024006e+00
 7.95681436e-01 1.18478461e+00 2.68603779e-01 9.51957283e-01
 3.92320638e-01 9.97344498e-01]
2024-11-07 15:58:08,717 - pyswarms.single.global_best - INFO - Optimize for 100 iters with {'c1': 0.5, 'c2': 0.3, 'w': 0.9}
2024-11-07 15:58:11,173 - pyswarms.single.global_best - INFO - Optimization finished | best cost: 0.0006636035995285969, best pos: [3.41943272e-02 7.38763232e-04 8.16238263e-01 7.18849792e-01
 5.82096495e-01 8.88966025e-01 7.36635319e-01 5.17567732e-01
 6.82931579e-01 6.94412832e-01]
2024-11-07 16:01:07,198 - pyswarms.single.global_best - INFO - Optimize for 100 iters with {'c1': 0.5, 'c2': 0.3, 'w': 0.9}
2024-11-07 16:01:09,960 - pyswarms.single.global_best - INFO - Optimization finished | best cost: 0.000663687030078438, best pos: [ 3.41548811e-02  7.11290910e-04  5.76307138e-01 -6.81956258e-01
  8.86306813e-01  3.22767980e-01  8.20947555e-01  5.88772327e-01
  6.88674425e-01  7.93216682e-01]
2024-11-07 16:14:45,218 - pyswarms.single.global_best - INFO - Optimize for 100 iters with {'c1': 0.5, 'c2': 0.3, 'w': 0.9}
2024-11-07 16:14:47,933 - pyswarms.single.global_best - INFO - Optimization finished | best cost: 1219117845.7669954, best pos: [-4.26905635e-06  3.09686855e+00  3.27378901e+00  3.23181102e+00
  4.74596800e+00  3.79835038e+00  3.15557535e+00  1.73513453e+00
  2.41151235e+00  2.83957165e+00]
2024-11-08 13:58:12,755 - pyswarms.single.global_best - INFO - Optimize for 100 iters with {'c1': 0.5, 'c2': 0.3, 'w': 0.9}
2024-11-08 13:58:14,574 - pyswarms.single.global_best - INFO - Optimization finished | best cost: 408275133.84334195, best pos: [-5.10285271e-07  2.29571720e+00  4.40780849e-01  1.90840718e+00
  2.22430160e+00  1.67410673e+00  2.12113893e+00  1.37699915e+00
  1.88204047e+00  1.81452105e+00]
2024-11-08 14:15:10,025 - pyswarms.single.global_best - INFO - Optimize for 100 iters with {'c1': 0.5, 'c2': 0.3, 'w': 0.9}
2024-11-08 14:15:13,049 - pyswarms.single.global_best - INFO - Optimization finished | best cost: 0.00042188162583934506, best pos: [1.76679403e-03 2.92461115e+00 3.17453976e+00 2.30726157e+00
 4.73215154e+00 1.76597885e-01 3.18978084e+00 3.16084438e+00
 2.34946242e+00 2.12965402e+00]
2024-11-08 14:24:45,250 - pyswarms.single.global_best - INFO - Optimize for 100 iters with {'c1': 0.5, 'c2': 0.3, 'w': 0.9}
2024-11-08 14:24:47,977 - pyswarms.single.global_best - INFO - Optimization finished | best cost: 0.0004123705221666788, best pos: [2.70166271e-03 3.56177854e+00 3.76210655e+00 2.34717057e+00
 6.37361597e+00 2.73962793e-01 3.95681837e+00 5.59698171e+00
 1.85815810e+00 5.13379839e+00]
2024-11-08 14:26:30,784 - pyswarms.single.global_best - INFO - Optimize for 100 iters with {'c1': 0.5, 'c2': 0.3, 'w': 0.9}
2024-11-08 14:26:33,897 - pyswarms.single.global_best - INFO - Optimization finished | best cost: 0.0004404016612185843, best pos: [1.53981074e-03 2.15098580e+00 2.25772550e+00 4.81316213e+00
 2.82798906e+00 1.84480134e-01 3.61226228e+00 3.35879912e+00
 2.92962867e+00 1.66296757e+00]
2024-11-08 15:09:26,664 - pyswarms.single.global_best - INFO - Optimize for 100 iters with {'c1': 0.5, 'c2': 0.3, 'w': 0.9}
2024-11-08 15:09:29,424 - pyswarms.single.global_best - INFO - Optimization finished | best cost: 0.0007207596401021129, best pos: [1.40183429e-05 1.85029214e+00 2.14496540e+00 1.87905559e+00
 3.74421030e+00 1.99148734e-03 2.47388879e+00 2.81158572e+00
 6.13376499e-01 2.93056203e+00]
2024-11-08 15:12:57,969 - pyswarms.single.global_best - INFO - Optimize for 100 iters with {'c1': 0.5, 'c2': 0.3, 'w': 0.9}
2024-11-08 15:13:01,204 - pyswarms.single.global_best - INFO - Optimization finished | best cost: 0.0006752683536027158, best pos: [-1.02057025e-05  2.08820740e+00  1.06438400e+00  2.14213399e+00
  1.78962843e+00  1.21697418e-02  2.37157125e+00  3.86410227e+00
  2.22704520e+00  2.07983744e+00]
2024-11-08 15:46:47,489 - pyswarms.single.global_best - INFO - Optimize for 100 iters with {'c1': 0.5, 'c2': 0.3, 'w': 0.9}
2024-11-08 15:46:50,350 - pyswarms.single.global_best - INFO - Optimization finished | best cost: 39841.355207316636, best pos: [ 1.27971753e+00 -3.24784230e-04  1.58767571e+00  1.36019810e+00
  2.42193017e+00]
2024-11-08 15:47:51,614 - pyswarms.single.global_best - INFO - Optimize for 100 iters with {'c1': 0.5, 'c2': 0.3, 'w': 0.9}
2024-11-08 15:47:54,197 - pyswarms.single.global_best - INFO - Optimization finished | best cost: 41539.814987287275, best pos: [ 1.86853722e+00 -3.27204100e-04  1.24839511e+00  1.47487409e+00
  2.39164137e+00]
2024-11-08 15:49:41,104 - pyswarms.single.global_best - INFO - Optimize for 100 iters with {'c1': 0.5, 'c2': 0.3, 'w': 0.9}
2024-11-08 15:49:43,549 - pyswarms.single.global_best - INFO - Optimization finished | best cost: 22905.521384959702, best pos: [ 9.54893977e-01 -2.56442001e-04  8.29636144e-01  1.51819181e+00
  3.13923771e+00]
2024-11-08 15:50:42,666 - pyswarms.single.global_best - INFO - Optimize for 100 iters with {'c1': 0.5, 'c2': 0.3, 'w': 0.9}
2024-11-08 15:50:45,362 - pyswarms.single.global_best - INFO - Optimization finished | best cost: 48365.099158593686, best pos: [ 1.99781475e+00 -3.76495375e-04  1.29891360e+00  2.65927674e+00
  2.20639132e+00]
2024-11-08 15:51:56,567 - pyswarms.single.global_best - INFO - Optimize for 100 iters with {'c1': 0.5, 'c2': 0.3, 'w': 0.9}
2024-11-08 15:52:00,036 - pyswarms.single.global_best - INFO - Optimization finished | best cost: 17675.738869253953, best pos: [ 9.89650014e-01 -2.76123035e-04  3.08531167e-01  1.59854091e+00
  3.57264898e+00  1.07605151e+00  1.25520111e+00  9.84158429e-01
  1.27288316e+00  7.44812440e-01]
2024-11-08 15:58:11,643 - pyswarms.single.global_best - INFO - Optimize for 100 iters with {'c1': 0.5, 'c2': 0.3, 'w': 0.9}
2024-11-08 15:58:14,252 - pyswarms.single.global_best - INFO - Optimization finished | best cost: 0.0007902423979988945, best pos: [-1.81531240e-06  2.92758157e+00  2.83251820e+00  3.66922412e+00
  3.00756503e+00  1.56141390e-02  3.40761474e+00  3.22080828e+00
  1.43978535e+00  5.14911397e+00]
2024-11-08 15:58:53,639 - pyswarms.single.global_best - INFO - Optimize for 100 iters with {'c1': 0.5, 'c2': 0.3, 'w': 0.9}
2024-11-08 15:58:56,137 - pyswarms.single.global_best - INFO - Optimization finished | best cost: 34108.466479450544, best pos: [ 8.40847393e-01 -2.18286251e-04  7.55930445e-01  1.83995478e+00
  2.57454328e+00]
2024-11-08 16:01:04,688 - pyswarms.single.global_best - INFO - Optimize for 100 iters with {'c1': 0.5, 'c2': 0.3, 'w': 0.9}
2024-11-08 16:01:06,790 - pyswarms.single.global_best - INFO - Optimization finished | best cost: 20334.799819826396, best pos: [ 1.02111299e+00 -4.20635326e-04  1.34572572e+00  1.49466742e+00
  3.48598158e+00]
2024-11-08 16:04:15,170 - pyswarms.single.global_best - INFO - Optimize for 100 iters with {'c1': 0.5, 'c2': 0.3, 'w': 0.9}
2024-11-08 16:04:17,931 - pyswarms.single.global_best - INFO - Optimization finished | best cost: 36883.40979333109, best pos: [ 2.02009196e+00 -4.11834799e-04  2.82233791e+00  1.38605579e+00
  2.66613388e+00  2.73976323e+00  1.37959538e+00  1.12064059e+00
  1.83095344e+00  2.30141341e+00]
2024-11-08 16:04:26,836 - pyswarms.single.global_best - INFO - Optimize for 100 iters with {'c1': 0.5, 'c2': 0.3, 'w': 0.9}
2024-11-08 16:04:29,231 - pyswarms.single.global_best - INFO - Optimization finished | best cost: 40823.27607291399, best pos: [ 2.35725535e+00 -5.36350476e-04  2.05446382e+00  1.91334083e+00
  2.55543297e+00]
2024-11-08 16:09:44,750 - pyswarms.single.global_best - INFO - Optimize for 100 iters with {'c1': 0.5, 'c2': 0.3, 'w': 0.9}
2024-11-08 16:09:47,753 - pyswarms.single.global_best - INFO - Optimization finished | best cost: 0.0006428863239765082, best pos: [3.62946073e-05 4.65849528e+00 1.41505047e+00 2.31828882e+00
 4.68511495e+00 1.18693458e-02 3.77814930e+00 4.96326212e+00
 4.21795503e+00 1.70443214e+00]
2024-11-08 16:24:15,899 - pyswarms.single.global_best - INFO - Optimize for 100 iters with {'c1': 0.5, 'c2': 0.3, 'w': 0.9}
2024-11-08 16:24:19,096 - pyswarms.single.global_best - INFO - Optimization finished | best cost: 22594.527278411937, best pos: [ 1.14134895e+00 -3.64202604e-04  7.45642838e-01  1.36547429e+00
  3.19429845e+00]
2024-11-08 16:25:01,942 - pyswarms.single.global_best - INFO - Optimize for 100 iters with {'c1': 0.5, 'c2': 0.3, 'w': 0.9}
2024-11-08 16:25:04,585 - pyswarms.single.global_best - INFO - Optimization finished | best cost: 60146.068764908305, best pos: [ 1.57208475e+00 -2.15441777e-04  1.63614087e+00  1.12016618e+00
  1.95911270e+00]
2024-11-08 16:25:52,149 - pyswarms.single.global_best - INFO - Optimize for 100 iters with {'c1': 0.5, 'c2': 0.3, 'w': 0.9}
2024-11-08 16:25:55,056 - pyswarms.single.global_best - INFO - Optimization finished | best cost: 16371.041137283793, best pos: [ 1.04667445e+00 -2.93551965e-04  3.33535431e+00  2.98630796e+00
  3.87016299e+00]
2024-11-08 16:29:54,052 - pyswarms.single.global_best - INFO - Optimize for 100 iters with {'c1': 0.5, 'c2': 0.3, 'w': 0.9}
2024-11-08 16:29:56,579 - pyswarms.single.global_best - INFO - Optimization finished | best cost: 0.0004000023690198222, best pos: [2.14526814e-03 2.05407376e-02 1.66274891e-01 2.99955781e-11
 6.24108990e+05]
2024-11-08 16:30:46,606 - pyswarms.single.global_best - INFO - Optimize for 100 iters with {'c1': 0.5, 'c2': 0.3, 'w': 0.9}
2024-11-08 16:30:49,677 - pyswarms.single.global_best - INFO - Optimization finished | best cost: 0.00037192211812824705, best pos: [2.14164980e-03 8.32586963e-03 7.22032306e-01 9.60884640e-11
 2.61838392e+05]
2024-11-08 16:32:13,771 - pyswarms.single.global_best - INFO - Optimize for 100 iters with {'c1': 0.5, 'c2': 0.3, 'w': 0.9}
2024-11-08 16:32:16,018 - pyswarms.single.global_best - INFO - Optimization finished | best cost: 0.0003863694756612028, best pos: [2.15318401e-03 1.34039924e-02 4.52651833e-01 1.46095463e-11
 4.00229054e+05]
2024-11-08 16:33:21,188 - pyswarms.single.global_best - INFO - Optimize for 100 iters with {'c1': 0.5, 'c2': 0.3, 'w': 0.9}
2024-11-08 16:33:23,539 - pyswarms.single.global_best - INFO - Optimization finished | best cost: 0.0006080717133002459, best pos: [2.34796943e-03 3.12907851e-03 7.06418503e-01 8.11509435e-11
 6.90929002e+05]
2024-11-08 16:33:49,271 - pyswarms.single.global_best - INFO - Optimize for 100 iters with {'c1': 0.5, 'c2': 0.3, 'w': 0.9}
2024-11-08 16:33:51,545 - pyswarms.single.global_best - INFO - Optimization finished | best cost: 0.0004495845567839704, best pos: [2.09878425e-03 2.35871393e-02 5.64388025e-01 9.97251593e-11
 6.13525242e+05]
2024-11-08 16:34:32,660 - pyswarms.single.global_best - INFO - Optimize for 100 iters with {'c1': 0.5, 'c2': 0.3, 'w': 0.9}
2024-11-08 16:34:35,091 - pyswarms.single.global_best - INFO - Optimization finished | best cost: 19.620226270302926, best pos: [3.96546819e-03 7.10461985e-02 9.81405022e-01 8.02026855e-27
 9.61020750e+05]
2024-11-08 16:34:48,128 - pyswarms.single.global_best - INFO - Optimize for 100 iters with {'c1': 0.5, 'c2': 0.3, 'w': 0.9}
2024-11-08 16:34:50,407 - pyswarms.single.global_best - INFO - Optimization finished | best cost: 0.00041629654817842743, best pos: [2.07732044e-03 4.23035073e-02 7.46981904e-01 1.11103933e-16
 9.09625684e+05]
2024-11-08 16:35:24,110 - pyswarms.single.global_best - INFO - Optimize for 100 iters with {'c1': 0.5, 'c2': 0.3, 'w': 0.9}
2024-11-08 16:35:26,667 - pyswarms.single.global_best - INFO - Optimization finished | best cost: 0.0006745134148509228, best pos: [2.51846693e-03 4.26002126e-02 7.89226568e-01 3.20971654e-17
 7.95509275e+07]
2024-11-08 16:35:41,536 - pyswarms.single.global_best - INFO - Optimize for 100 iters with {'c1': 0.5, 'c2': 0.3, 'w': 0.9}
2024-11-08 16:35:44,306 - pyswarms.single.global_best - INFO - Optimization finished | best cost: 0.00048724543578389793, best pos: [2.41595330e-03 5.00995556e-02 2.42156925e-01 1.83520925e-16
 6.58521180e+06]
2024-11-08 16:35:50,074 - pyswarms.single.global_best - INFO - Optimize for 100 iters with {'c1': 0.5, 'c2': 0.3, 'w': 0.9}
2024-11-08 16:35:52,799 - pyswarms.single.global_best - INFO - Optimization finished | best cost: 0.0006369914127285176, best pos: [ 2.32795083e-03  3.23673048e-02 -4.23398291e-01  8.20777935e-16
  7.94580225e+06]
2024-11-08 16:36:08,476 - pyswarms.single.global_best - INFO - Optimize for 100 iters with {'c1': 0.5, 'c2': 0.3, 'w': 0.9}
2024-11-08 16:36:10,772 - pyswarms.single.global_best - INFO - Optimization finished | best cost: 0.00015996829852079228, best pos: [2.20226758e-03 8.94320975e-02 3.11183934e-01 1.23596694e-17
 3.04213659e+06]
2024-11-08 16:43:02,266 - pyswarms.single.global_best - INFO - Optimize for 100 iters with {'c1': 0.5, 'c2': 0.3, 'w': 0.9}
2024-11-08 16:43:04,823 - pyswarms.single.global_best - INFO - Optimization finished | best cost: 0.0020025787678861116, best pos: [-2.32098524e-05  1.38858372e+00  2.31856633e+00  1.23412227e+00
  1.86775244e+00  7.34768127e-03  1.33352814e+00  1.34632271e+00
  1.24902588e+00  1.04953077e+00]
2024-11-09 12:42:49,860 - pyswarms.single.global_best - INFO - Optimize for 100 iters with {'c1': 0.5, 'c2': 0.3, 'w': 0.9}
2024-11-09 12:42:51,960 - pyswarms.single.global_best - INFO - Optimization finished | best cost: 0.0070505612720180594, best pos: [-7.99403592e-05  3.12971425e+00  1.37655389e+00  1.19177708e+00
  1.29474911e+00  1.90995228e-02  2.94029074e+00  2.35832928e+00
  2.29734848e+00  1.42883807e+00]
2024-11-09 13:46:03,950 - pyswarms.single.global_best - INFO - Optimize for 100 iters with {'c1': 0.5, 'c2': 0.3, 'w': 0.9}
2024-11-09 13:46:05,815 - pyswarms.single.global_best - INFO - Optimization finished | best cost: 0.0009749113700495231, best pos: [-9.49310803e-05  1.71927312e+00  2.54146745e+00  3.14160380e+00
  3.35337274e+00  2.01299556e-02  3.46410048e+00  3.90654394e+00
  3.21196774e+00  2.32647079e+00]
2024-11-09 14:59:16,223 - pyswarms.single.global_best - INFO - Optimize for 100 iters with {'c1': 0.5, 'c2': 0.3, 'w': 0.9}
2024-11-09 14:59:18,735 - pyswarms.single.global_best - INFO - Optimization finished | best cost: 0.000479198753080396, best pos: [-9.76300597e-06  3.59866565e+00  4.62307283e+00  2.12253058e+00
  6.28332554e+00  1.56235912e-02  4.28961346e+00  3.08470516e+00
  3.57531635e+00  1.86470499e+00]
